<?xml version="1.0" encoding="UTF-8"?>
<testng-results skipped="0" failed="1" ignored="2" total="7" passed="4">
  <reporter-output>
  </reporter-output>
  <suite name="Surefire suite" duration-ms="49905" started-at="2023-02-14T10:45:40 IST" finished-at="2023-02-14T10:46:30 IST">
    <groups>
    </groups>
    <test name="Surefire test" duration-ms="49905" started-at="2023-02-14T10:45:40 IST" finished-at="2023-02-14T10:46:30 IST">
      <class name="annotations.AnnotationsTest">
        <test-method status="PASS" signature="beforeSuite()[pri:0, instance:annotations.AnnotationsTest@51cdd8a]" name="beforeSuite" is-config="true" duration-ms="5" started-at="2023-02-14T10:45:40 IST" finished-at="2023-02-14T10:45:40 IST">
          <reporter-output>
          </reporter-output>
        </test-method> <!-- beforeSuite -->
        <test-method status="PASS" signature="beforeTest()[pri:0, instance:annotations.AnnotationsTest@51cdd8a]" name="beforeTest" is-config="true" duration-ms="0" started-at="2023-02-14T10:45:49 IST" finished-at="2023-02-14T10:45:49 IST">
          <reporter-output>
          </reporter-output>
        </test-method> <!-- beforeTest -->
        <test-method status="PASS" signature="beforeClass()[pri:0, instance:annotations.AnnotationsTest@51cdd8a]" name="beforeClass" is-config="true" duration-ms="1" started-at="2023-02-14T10:45:51 IST" finished-at="2023-02-14T10:45:51 IST">
          <reporter-output>
          </reporter-output>
        </test-method> <!-- beforeClass -->
        <test-method status="PASS" signature="beforeMethod()[pri:0, instance:annotations.AnnotationsTest@51cdd8a]" name="beforeMethod" is-config="true" duration-ms="0" started-at="2023-02-14T10:45:51 IST" finished-at="2023-02-14T10:45:51 IST">
          <reporter-output>
          </reporter-output>
        </test-method> <!-- beforeMethod -->
        <test-method status="PASS" signature="testmethod1()[pri:0, instance:annotations.AnnotationsTest@51cdd8a]" name="testmethod1" duration-ms="2" started-at="2023-02-14T10:45:51 IST" finished-at="2023-02-14T10:45:51 IST">
          <reporter-output>
          </reporter-output>
        </test-method> <!-- testmethod1 -->
        <test-method status="PASS" signature="afterMethod()[pri:0, instance:annotations.AnnotationsTest@51cdd8a]" name="afterMethod" is-config="true" duration-ms="1" started-at="2023-02-14T10:45:51 IST" finished-at="2023-02-14T10:45:51 IST">
          <reporter-output>
          </reporter-output>
        </test-method> <!-- afterMethod -->
        <test-method status="PASS" signature="beforeMethod()[pri:0, instance:annotations.AnnotationsTest@51cdd8a]" name="beforeMethod" is-config="true" duration-ms="0" started-at="2023-02-14T10:45:51 IST" finished-at="2023-02-14T10:45:51 IST">
          <reporter-output>
          </reporter-output>
        </test-method> <!-- beforeMethod -->
        <test-method status="PASS" signature="testmethod2()[pri:0, instance:annotations.AnnotationsTest@51cdd8a]" name="testmethod2" duration-ms="0" started-at="2023-02-14T10:45:51 IST" finished-at="2023-02-14T10:45:51 IST">
          <reporter-output>
          </reporter-output>
        </test-method> <!-- testmethod2 -->
        <test-method status="PASS" signature="afterMethod()[pri:0, instance:annotations.AnnotationsTest@51cdd8a]" name="afterMethod" is-config="true" duration-ms="1" started-at="2023-02-14T10:45:51 IST" finished-at="2023-02-14T10:45:51 IST">
          <reporter-output>
          </reporter-output>
        </test-method> <!-- afterMethod -->
        <test-method status="PASS" signature="afterClass()[pri:0, instance:annotations.AnnotationsTest@51cdd8a]" name="afterClass" is-config="true" duration-ms="0" started-at="2023-02-14T10:45:51 IST" finished-at="2023-02-14T10:45:51 IST">
          <reporter-output>
          </reporter-output>
        </test-method> <!-- afterClass -->
        <test-method status="PASS" signature="afterTest()[pri:0, instance:annotations.AnnotationsTest@51cdd8a]" name="afterTest" is-config="true" duration-ms="1" started-at="2023-02-14T10:46:29 IST" finished-at="2023-02-14T10:46:29 IST">
          <reporter-output>
          </reporter-output>
        </test-method> <!-- afterTest -->
        <test-method status="PASS" signature="afterSuite()[pri:0, instance:annotations.AnnotationsTest@51cdd8a]" name="afterSuite" is-config="true" duration-ms="0" started-at="2023-02-14T10:46:30 IST" finished-at="2023-02-14T10:46:30 IST">
          <reporter-output>
          </reporter-output>
        </test-method> <!-- afterSuite -->
      </class> <!-- annotations.AnnotationsTest -->
      <class name="screenshots.TestClass">
        <test-method status="PASS" signature="TestFacebook()[pri:0, instance:screenshots.TestClass@2d6eabae]" name="TestFacebook" duration-ms="1995" started-at="2023-02-14T10:46:26 IST" finished-at="2023-02-14T10:46:28 IST">
          <reporter-output>
          </reporter-output>
        </test-method> <!-- TestFacebook -->
        <test-method status="FAIL" signature="TestGoogle()[pri:0, instance:screenshots.TestClass@2d6eabae]" name="TestGoogle" duration-ms="1322" started-at="2023-02-14T10:46:28 IST" finished-at="2023-02-14T10:46:29 IST">
          <exception class="java.lang.AssertionError">
            <message>
              <![CDATA[Title is matching expected [hyr tutorials - Google Search] but found [Google]]]>
            </message>
            <full-stacktrace>
              <![CDATA[java.lang.AssertionError: Title is matching expected [hyr tutorials - Google Search] but found [Google]
at org.testng.Assert.fail(Assert.java:99)
at org.testng.Assert.failNotEquals(Assert.java:1037)
at org.testng.Assert.assertEqualsImpl(Assert.java:140)
at org.testng.Assert.assertEquals(Assert.java:122)
at org.testng.Assert.assertEquals(Assert.java:629)
at screenshots.TestClass.TestGoogle(TestClass.java:23)
at sun.reflect.NativeMethodAccessorImpl.invoke0(Native Method)
at sun.reflect.NativeMethodAccessorImpl.invoke(NativeMethodAccessorImpl.java:62)
at sun.reflect.DelegatingMethodAccessorImpl.invoke(DelegatingMethodAccessorImpl.java:43)
at java.lang.reflect.Method.invoke(Method.java:498)
at org.testng.internal.MethodInvocationHelper.invokeMethod(MethodInvocationHelper.java:132)
at org.testng.internal.TestInvoker.invokeMethod(TestInvoker.java:599)
at org.testng.internal.TestInvoker.invokeTestMethod(TestInvoker.java:174)
at org.testng.internal.MethodRunner.runInSequence(MethodRunner.java:46)
at org.testng.internal.TestInvoker$MethodInvocationAgent.invoke(TestInvoker.java:822)
at org.testng.internal.TestInvoker.invokeTestMethods(TestInvoker.java:147)
at org.testng.internal.TestMethodWorker.invokeTestMethods(TestMethodWorker.java:146)
at org.testng.internal.TestMethodWorker.run(TestMethodWorker.java:128)
at java.util.ArrayList.forEach(ArrayList.java:1259)
at org.testng.TestRunner.privateRun(TestRunner.java:764)
at org.testng.TestRunner.run(TestRunner.java:585)
at org.testng.SuiteRunner.runTest(SuiteRunner.java:384)
at org.testng.SuiteRunner.runSequentially(SuiteRunner.java:378)
at org.testng.SuiteRunner.privateRun(SuiteRunner.java:337)
at org.testng.SuiteRunner.run(SuiteRunner.java:286)
at org.testng.SuiteRunnerWorker.runSuite(SuiteRunnerWorker.java:53)
at org.testng.SuiteRunnerWorker.run(SuiteRunnerWorker.java:96)
at org.testng.TestNG.runSuitesSequentially(TestNG.java:1218)
at org.testng.TestNG.runSuitesLocally(TestNG.java:1140)
at org.testng.TestNG.runSuites(TestNG.java:1069)
at org.testng.TestNG.run(TestNG.java:1037)
at org.apache.maven.surefire.testng.TestNGExecutor.run(TestNGExecutor.java:135)
at org.apache.maven.surefire.testng.TestNGDirectoryTestSuite.executeMulti(TestNGDirectoryTestSuite.java:193)
at org.apache.maven.surefire.testng.TestNGDirectoryTestSuite.execute(TestNGDirectoryTestSuite.java:94)
at org.apache.maven.surefire.testng.TestNGProvider.invoke(TestNGProvider.java:146)
at org.apache.maven.surefire.booter.ForkedBooter.invokeProviderInSameClassLoader(ForkedBooter.java:384)
at org.apache.maven.surefire.booter.ForkedBooter.runSuitesInProcess(ForkedBooter.java:345)
at org.apache.maven.surefire.booter.ForkedBooter.execute(ForkedBooter.java:126)
at org.apache.maven.surefire.booter.ForkedBooter.main(ForkedBooter.java:418)
]]>
            </full-stacktrace>
          </exception> <!-- java.lang.AssertionError -->
          <reporter-output>
          </reporter-output>
        </test-method> <!-- TestGoogle -->
      </class> <!-- screenshots.TestClass -->
      <class name="screenshots.BaseTest">
        <test-method status="PASS" signature="setup()[pri:0, instance:screenshots.BaseTest@23faf8f2]" name="setup" is-config="true" duration-ms="2078" started-at="2023-02-14T10:45:49 IST" finished-at="2023-02-14T10:45:51 IST">
          <reporter-output>
          </reporter-output>
        </test-method> <!-- setup -->
        <test-method status="PASS" signature="teardown()[pri:0, instance:screenshots.BaseTest@23faf8f2]" name="teardown" is-config="true" duration-ms="748" started-at="2023-02-14T10:46:29 IST" finished-at="2023-02-14T10:46:30 IST">
          <reporter-output>
          </reporter-output>
        </test-method> <!-- teardown -->
      </class> <!-- screenshots.BaseTest -->
      <class name="org.com.aik.airkorder.AikLogin_TestCase">
        <test-method status="PASS" signature="setup()[pri:0, instance:org.com.aik.airkorder.AikLogin_TestCase@d44fc21]" name="setup" is-config="true" duration-ms="8955" started-at="2023-02-14T10:45:40 IST" finished-at="2023-02-14T10:45:49 IST">
          <reporter-output>
          </reporter-output>
        </test-method> <!-- setup -->
        <test-method status="PASS" signature="testcase(java.lang.String, java.lang.String, java.lang.String)[pri:0, instance:org.com.aik.airkorder.AikLogin_TestCase@d44fc21]" name="testcase" duration-ms="34005" started-at="2023-02-14T10:45:52 IST" data-provider="ExcelDataRead" finished-at="2023-02-14T10:46:26 IST">
          <params>
            <param index="0">
              <value>
                <![CDATA[asukadentokyo+4@gmail.com]]>
              </value>
            </param>
            <param index="1">
              <value>
                <![CDATA[Buy12345678]]>
              </value>
            </param>
            <param index="2">
              <value>
                <![CDATA[応募済み案件]]>
              </value>
            </param>
          </params>
          <reporter-output>
          </reporter-output>
        </test-method> <!-- testcase -->
      </class> <!-- org.com.aik.airkorder.AikLogin_TestCase -->
    </test> <!-- Surefire test -->
  </suite> <!-- Surefire suite -->
</testng-results>
